<?xml version="1.0" encoding="UTF-8"?>
<!-- Generated by org.testng.reporters.JUnitReportReporter -->
<testsuite hostname="SANDEEPINI" name="com.actitime.test.CustomerModule" tests="1" failures="0" timestamp="20 Feb 2020 15:04:31 GMT" time="36.852" errors="0">
  <testcase name="testCreateCustomer" time="36.852" classname="com.actitime.test.CustomerModule"/>
</testsuite> <!-- com.actitime.test.CustomerModule -->
